Main Node : 
;str input  "Please input an integer number: "

Predecessors : 

Successors : 
;str space  " "



Main Node : 
;str space  " "

Predecessors : 
;str input  "Please input an integer number: "

Successors : 
;str eol  "\n"



Main Node : 
;str eol  "\n"

Predecessors : 
;str space  " "

Successors : 




Main Node : 
;LABEL   F

Predecessors : 

Successors : 
;LINK   



Main Node : 
;LINK   

Predecessors : 
;LABEL   F

Successors : 
;STOREI 2  $T1



Main Node : 
;STOREI 2  $T1

Predecessors : 
;LINK   

Successors : 
;LE $P1 $T1 label0



Main Node : 
;LE $P1 $T1 label0

Predecessors : 
;STOREI 2  $T1

Successors : 
;SUBI $P1 1 $T2
;LABEL   label0



Main Node : 
;SUBI $P1 1 $T2

Predecessors : 
;LE $P1 $T1 label0

Successors : 
;PUSH   



Main Node : 
;PUSH   

Predecessors : 
;SUBI $P1 1 $T2

Successors : 
;PUSH $T2  



Main Node : 
;PUSH $T2  

Predecessors : 
;PUSH   

Successors : 
;JSR F  



Main Node : 
;JSR F  

Predecessors : 
;PUSH $T2  

Successors : 
;POP   



Main Node : 
;POP   

Predecessors : 
;JSR F  

Successors : 
;POP $T3  



Main Node : 
;POP $T3  

Predecessors : 
;POP   

Successors : 
;STOREI $T3  $L1



Main Node : 
;STOREI $T3  $L1

Predecessors : 
;POP $T3  

Successors : 
;SUBI $P1 2 $T4



Main Node : 
;SUBI $P1 2 $T4

Predecessors : 
;STOREI $T3  $L1

Successors : 
;PUSH   



Main Node : 
;PUSH   

Predecessors : 
;SUBI $P1 2 $T4

Successors : 
;PUSH $T4  



Main Node : 
;PUSH $T4  

Predecessors : 
;PUSH   

Successors : 
;JSR F  



Main Node : 
;JSR F  

Predecessors : 
;PUSH $T4  

Successors : 
;POP   



Main Node : 
;POP   

Predecessors : 
;JSR F  

Successors : 
;POP $T5  



Main Node : 
;POP $T5  

Predecessors : 
;POP   

Successors : 
;STOREI $T5  $L2



Main Node : 
;STOREI $T5  $L2

Predecessors : 
;POP $T5  

Successors : 
;ADDI $L1 $L2 $T6



Main Node : 
;ADDI $L1 $L2 $T6

Predecessors : 
;STOREI $T5  $L2

Successors : 
;STOREI $T6  $R



Main Node : 
;STOREI $T6  $R

Predecessors : 
;ADDI $L1 $L2 $T6

Successors : 
;RET   



Main Node : 
;RET   

Predecessors : 
;STOREI $T6  $R

Successors : 
;JUMP   label1



Main Node : 
;JUMP   label1

Predecessors : 
;RET   

Successors : 
;LABEL   label1



Main Node : 
;LABEL   label0

Predecessors : 
;LE $P1 $T1 label0

Successors : 
;STOREI 0  $T7



Main Node : 
;STOREI 0  $T7

Predecessors : 
;LABEL   label0

Successors : 
;NE $P1 $T7 label2



Main Node : 
;NE $P1 $T7 label2

Predecessors : 
;STOREI 0  $T7

Successors : 
;STOREI 0  $T8
;LABEL   label2



Main Node : 
;STOREI 0  $T8

Predecessors : 
;NE $P1 $T7 label2

Successors : 
;STOREI $T8  $R



Main Node : 
;STOREI $T8  $R

Predecessors : 
;STOREI 0  $T8

Successors : 
;RET   



Main Node : 
;RET   

Predecessors : 
;STOREI $T8  $R

Successors : 
;JUMP   label1



Main Node : 
;JUMP   label1

Predecessors : 
;RET   

Successors : 
;LABEL   label1



Main Node : 
;LABEL   label2

Predecessors : 
;NE $P1 $T7 label2

Successors : 
;STOREI 1  $T9



Main Node : 
;STOREI 1  $T9

Predecessors : 
;LABEL   label2

Successors : 
;NE $P1 $T9 label3



Main Node : 
;NE $P1 $T9 label3

Predecessors : 
;STOREI 1  $T9

Successors : 
;STOREI 1  $T10
;LABEL   label3



Main Node : 
;STOREI 1  $T10

Predecessors : 
;NE $P1 $T9 label3

Successors : 
;STOREI $T10  $R



Main Node : 
;STOREI $T10  $R

Predecessors : 
;STOREI 1  $T10

Successors : 
;RET   



Main Node : 
;RET   

Predecessors : 
;STOREI $T10  $R

Successors : 
;JUMP   label1



Main Node : 
;JUMP   label1

Predecessors : 
;RET   

Successors : 
;LABEL   label1



Main Node : 
;LABEL   label3

Predecessors : 
;NE $P1 $T9 label3

Successors : 
;STOREI 2  $T11



Main Node : 
;STOREI 2  $T11

Predecessors : 
;LABEL   label3

Successors : 
;NE $P1 $T11 label4



Main Node : 
;NE $P1 $T11 label4

Predecessors : 
;STOREI 2  $T11

Successors : 
;STOREI 1  $T12
;LABEL   label4



Main Node : 
;STOREI 1  $T12

Predecessors : 
;NE $P1 $T11 label4

Successors : 
;STOREI $T12  $R



Main Node : 
;STOREI $T12  $R

Predecessors : 
;STOREI 1  $T12

Successors : 
;RET   



Main Node : 
;RET   

Predecessors : 
;STOREI $T12  $R

Successors : 
;JUMP   label1



Main Node : 
;JUMP   label1

Predecessors : 
;RET   

Successors : 
;LABEL   label1



Main Node : 
;LABEL   label1

Predecessors : 
;JUMP   label1
;JUMP   label1
;JUMP   label1
;JUMP   label1

Successors : 
;LABEL   label4



Main Node : 
;LABEL   label4

Predecessors : 
;LABEL   label1
;NE $P1 $T11 label4

Successors : 
;RET   



Main Node : 
;RET   

Predecessors : 
;LABEL   label4

Successors : 




Main Node : 
;LABEL   main

Predecessors : 

Successors : 
;LINK   



Main Node : 
;LINK   

Predecessors : 
;LABEL   main

Successors : 
;STOREI 0  $T1



Main Node : 
;STOREI 0  $T1

Predecessors : 
;LINK   

Successors : 
;STOREI $T1  $L1



Main Node : 
;STOREI $T1  $L1

Predecessors : 
;STOREI 0  $T1

Successors : 
;WRITES input  



Main Node : 
;WRITES input  

Predecessors : 
;STOREI $T1  $L1

Successors : 
;READI $L2  



Main Node : 
;READI $L2  

Predecessors : 
;WRITES input  

Successors : 
;LABEL   label6



Main Node : 
;LABEL   label6

Predecessors : 
;READI $L2  
;JUMP   label6

Successors : 
;PUSH   



Main Node : 
;PUSH   

Predecessors : 
;LABEL   label6

Successors : 
;PUSH $L1  



Main Node : 
;PUSH $L1  

Predecessors : 
;PUSH   

Successors : 
;JSR F  



Main Node : 
;JSR F  

Predecessors : 
;PUSH $L1  

Successors : 
;POP   



Main Node : 
;POP   

Predecessors : 
;JSR F  

Successors : 
;POP $T2  



Main Node : 
;POP $T2  

Predecessors : 
;POP   

Successors : 
;STOREI $T2  $L3



Main Node : 
;STOREI $T2  $L3

Predecessors : 
;POP $T2  

Successors : 
;WRITEI $L1  



Main Node : 
;WRITEI $L1  

Predecessors : 
;STOREI $T2  $L3

Successors : 
;WRITES space  



Main Node : 
;WRITES space  

Predecessors : 
;WRITEI $L1  

Successors : 
;WRITEI $L3  



Main Node : 
;WRITEI $L3  

Predecessors : 
;WRITES space  

Successors : 
;WRITES eol  



Main Node : 
;WRITES eol  

Predecessors : 
;WRITEI $L3  

Successors : 
;ADDI $L1 1 $T3



Main Node : 
;ADDI $L1 1 $T3

Predecessors : 
;WRITES eol  

Successors : 
;STOREI $T3  $L1



Main Node : 
;STOREI $T3  $L1

Predecessors : 
;ADDI $L1 1 $T3

Successors : 
;EQ $L1 $L2 label5



Main Node : 
;EQ $L1 $L2 label5

Predecessors : 
;STOREI $T3  $L1

Successors : 
;JUMP   label6
;LABEL   label5



Main Node : 
;JUMP   label6

Predecessors : 
;EQ $L1 $L2 label5

Successors : 
;LABEL   label6



Main Node : 
;LABEL   label5

Predecessors : 
;EQ $L1 $L2 label5

Successors : 
;STOREI 0  $T5



Main Node : 
;STOREI 0  $T5

Predecessors : 
;LABEL   label5

Successors : 
;STOREI $T5  $R



Main Node : 
;STOREI $T5  $R

Predecessors : 
;STOREI 0  $T5

Successors : 
;RET   



Main Node : 
;RET   

Predecessors : 
;STOREI $T5  $R

Successors : 




